Command line:
   register_file_TB_isim_par.exe
     -simmode  gui
     -sdfmax  /uut/=netgen/par/register_file_timesim.sdf
     -sdfroot  /uut
     -simrunnum  1
     -socket  52633

Sun Jun 25 21:52:35 2023


 Elaboration Time: 0.07 sec

 Current Memory Usage: 196.854 Meg

 Total Signals          : 2606
 Total Nets             : 1739
 Total Signal Drivers   : 1658
 Total Blocks           : 743
 Total Primitive Blocks : 409
 Total Processes        : 1655
 Total Traceable Variables  : 4102
 Total Scalar Nets and Variables : 15242
Total Line Count : 6476

 Total Simulation Time: 6.72 sec

 Current Memory Usage: 272.429 Meg

Sun Jun 25 21:52:51 2023

