Release 14.7 - xst P.20131013 (lin64)
Copyright (c) 1995-2013 Xilinx, Inc.  All rights reserved.
--> 
Parameter TMPDIR set to xst/projnav.tmp


Total REAL time to Xst completion: 0.00 secs
Total CPU time to Xst completion: 0.05 secs
 
--> 
Parameter xsthdpdir set to xst


Total REAL time to Xst completion: 0.00 secs
Total CPU time to Xst completion: 0.05 secs
 
--> 
Reading design: prescaler.prj

TABLE OF CONTENTS
  1) Synthesis Options Summary
  2) HDL Parsing
  3) HDL Elaboration
  4) HDL Synthesis
       4.1) HDL Synthesis Report
  5) Advanced HDL Synthesis
       5.1) Advanced HDL Synthesis Report
  6) Low Level Synthesis
  7) Partition Report
  8) Design Summary
       8.1) Primitive and Black Box Usage
       8.2) Device utilization summary
       8.3) Partition Resource Summary
       8.4) Timing Report
            8.4.1) Clock Information
            8.4.2) Asynchronous Control Signals Information
            8.4.3) Timing Summary
            8.4.4) Timing Details
            8.4.5) Cross Clock Domains Report


=========================================================================
*                      Synthesis Options Summary                        *
=========================================================================
---- Source Parameters
Input File Name                    : "prescaler.prj"
Ignore Synthesis Constraint File   : NO

---- Target Parameters
Output File Name                   : "prescaler"
Output Format                      : NGC
Target Device                      : xc6slx4-3-tqg144

---- Source Options
Top Module Name                    : prescaler
Automatic FSM Extraction           : YES
FSM Encoding Algorithm             : Auto
Safe Implementation                : No
FSM Style                          : LUT
RAM Extraction                     : Yes
RAM Style                          : Auto
ROM Extraction                     : Yes
Shift Register Extraction          : YES
ROM Style                          : Auto
Resource Sharing                   : YES
Asynchronous To Synchronous        : NO
Shift Register Minimum Size        : 2
Use DSP Block                      : Auto
Automatic Register Balancing       : No

---- Target Options
LUT Combining                      : Auto
Reduce Control Sets                : Auto
Add IO Buffers                     : YES
Global Maximum Fanout              : 100000
Add Generic Clock Buffer(BUFG)     : 16
Register Duplication               : YES
Optimize Instantiated Primitives   : NO
Use Clock Enable                   : Auto
Use Synchronous Set                : Auto
Use Synchronous Reset              : Auto
Pack IO Registers into IOBs        : Auto
Equivalent register Removal        : YES

---- General Options
Optimization Goal                  : Speed
Optimization Effort                : 1
Power Reduction                    : NO
Keep Hierarchy                     : No
Netlist Hierarchy                  : As_Optimized
RTL Output                         : Yes
Global Optimization                : AllClockNets
Read Cores                         : YES
Write Timing Constraints           : NO
Cross Clock Analysis               : NO
Hierarchy Separator                : /
Bus Delimiter                      : <>
Case Specifier                     : Maintain
Slice Utilization Ratio            : 100
BRAM Utilization Ratio             : 100
DSP48 Utilization Ratio            : 100
Auto BRAM Packing                  : NO
Slice Utilization Ratio Delta      : 5

=========================================================================


=========================================================================
*                          HDL Parsing                                  *
=========================================================================
Parsing VHDL file "/home/simone/OneDrive/Windowed_Watchdog_Counter/latch_d.vhd" into library work
Parsing entity <latch_d>.
Parsing architecture <RTL> of entity <latch_d>.
Parsing VHDL file "/home/simone/OneDrive/Windowed_Watchdog_Counter/counter_clrToOne.vhd" into library work
Parsing entity <counter_clrToOne>.
Parsing architecture <RTL> of entity <counter_clrtoone>.
Parsing VHDL file "/home/simone/OneDrive/Windowed_Watchdog_Counter/prescaler.vhd" into library work
Parsing entity <prescaler>.
Parsing architecture <RTL> of entity <prescaler>.

=========================================================================
*                            HDL Elaboration                            *
=========================================================================

Elaborating entity <prescaler> (architecture <RTL>) from library <work>.

Elaborating entity <counter_clrToOne> (architecture <RTL>) from library <work>.

Elaborating entity <latch_d> (architecture <RTL>) from library <work>.
WARNING:HDLCompiler:92 - "/home/simone/OneDrive/Windowed_Watchdog_Counter/latch_d.vhd" Line 19: rst should be on the sensitivity list of the process

=========================================================================
*                           HDL Synthesis                               *
=========================================================================

Synthesizing Unit <prescaler>.
    Related source file is "/home/simone/OneDrive/Windowed_Watchdog_Counter/prescaler.vhd".
    Found 1-bit 12-to-1 multiplexer for signal <clk_enable_out> created at line 40.
    Summary:
	inferred   1 Multiplexer(s).
Unit <prescaler> synthesized.

Synthesizing Unit <counter_clrToOne>.
    Related source file is "/home/simone/OneDrive/Windowed_Watchdog_Counter/counter_clrToOne.vhd".
    Summary:
Unit <counter_clrToOne> synthesized.

Synthesizing Unit <latch_d>.
    Related source file is "/home/simone/OneDrive/Windowed_Watchdog_Counter/latch_d.vhd".
    Found 1-bit register for signal <q>.
    Summary:
	inferred   1 D-type flip-flop(s).
Unit <latch_d> synthesized.

=========================================================================
HDL Synthesis Report

Macro Statistics
# Registers                                            : 11
 1-bit register                                        : 11
# Multiplexers                                         : 1
 1-bit 12-to-1 multiplexer                             : 1
# Xors                                                 : 11
 1-bit xor2                                            : 11

=========================================================================

=========================================================================
*                       Advanced HDL Synthesis                          *
=========================================================================


=========================================================================
Advanced HDL Synthesis Report

Macro Statistics
# Registers                                            : 11
 Flip-Flops                                            : 11
# Multiplexers                                         : 1
 1-bit 12-to-1 multiplexer                             : 1
# Xors                                                 : 11
 1-bit xor2                                            : 11

=========================================================================

=========================================================================
*                         Low Level Synthesis                           *
=========================================================================

Optimizing unit <prescaler> ...

Optimizing unit <counter_clrToOne> ...

Mapping all equations...
Building and optimizing final netlist ...
Found area constraint ratio of 100 (+ 5) on block prescaler, actual ratio is 1.

Final Macro Processing ...

=========================================================================
Final Register Report

Macro Statistics
# Registers                                            : 11
 Flip-Flops                                            : 11

=========================================================================

=========================================================================
*                           Partition Report                            *
=========================================================================

Partition Implementation Status
-------------------------------

  No Partitions were found in this design.

-------------------------------

=========================================================================
*                            Design Summary                             *
=========================================================================

Top Level Output File Name         : prescaler.ngc

Primitive and Black Box Usage:
------------------------------
# BELS                             : 28
#      LUT2                        : 3
#      LUT3                        : 1
#      LUT4                        : 1
#      LUT5                        : 3
#      LUT6                        : 17
#      MUXF7                       : 3
# FlipFlops/Latches                : 11
#      FDC                         : 11
# Clock Buffers                    : 1
#      BUFGP                       : 1
# IO Buffers                       : 6
#      IBUF                        : 5
#      OBUF                        : 1

Device utilization summary:
---------------------------

Selected Device : 6slx4tqg144-3 


Slice Logic Utilization: 
 Number of Slice Registers:              11  out of   4800     0%  
 Number of Slice LUTs:                   25  out of   2400     1%  
    Number used as Logic:                25  out of   2400     1%  

Slice Logic Distribution: 
 Number of LUT Flip Flop pairs used:     25
   Number with an unused Flip Flop:      14  out of     25    56%  
   Number with an unused LUT:             0  out of     25     0%  
   Number of fully used LUT-FF pairs:    11  out of     25    44%  
   Number of unique control sets:         1

IO Utilization: 
 Number of IOs:                           7
 Number of bonded IOBs:                   7  out of    102     6%  

Specific Feature Utilization:
 Number of BUFG/BUFGCTRLs:                1  out of     16     6%  

---------------------------
Partition Resource Summary:
---------------------------

  No Partitions were found in this design.

---------------------------


=========================================================================
Timing Report

NOTE: THESE TIMING NUMBERS ARE ONLY A SYNTHESIS ESTIMATE.
      FOR ACCURATE TIMING INFORMATION PLEASE REFER TO THE TRACE REPORT
      GENERATED AFTER PLACE-and-ROUTE.

Clock Information:
------------------
-----------------------------------+------------------------+-------+
Clock Signal                       | Clock buffer(FF name)  | Load  |
-----------------------------------+------------------------+-------+
clk                                | BUFGP                  | 11    |
-----------------------------------+------------------------+-------+

Asynchronous Control Signals Information:
----------------------------------------
No asynchronous control signals found in this design

Timing Summary:
---------------
Speed Grade: -3

   Minimum period: 3.915ns (Maximum Frequency: 255.405MHz)
   Minimum input arrival time before clock: 4.780ns
   Maximum output required time after clock: 6.178ns
   Maximum combinational path delay: 7.043ns

Timing Details:
---------------
All values displayed in nanoseconds (ns)

=========================================================================
Timing constraint: Default period analysis for Clock 'clk'
  Clock period: 3.915ns (frequency: 255.405MHz)
  Total number of paths / destination ports: 204 / 11
-------------------------------------------------------------------------
Delay:               3.915ns (Levels of Logic = 4)
  Source:            counter_inst/gen1[2].latch/q (FF)
  Destination:       counter_inst/gen1[10].latch/q (FF)
  Source Clock:      clk rising
  Destination Clock: clk rising

  Data Path: counter_inst/gen1[2].latch/q to counter_inst/gen1[10].latch/q
                                Gate     Net
    Cell:in->out      fanout   Delay   Delay  Logical Name (Net Name)
    ----------------------------------------  ------------
     FDC:C->Q             10   0.447   1.104  counter_inst/gen1[2].latch/q (counter_inst/gen1[2].latch/q)
     LUT6:I2->O            1   0.203   0.000  Mmux_clk_enable_out_7 (Mmux_clk_enable_out_7)
     MUXF7:I0->O           7   0.131   0.774  Mmux_clk_enable_out_5_f7 (Mmux_clk_enable_out_5_f7)
     LUT6:I5->O            6   0.205   0.745  s<3> (clk_enable_out_OBUF)
     LUT6:I5->O            1   0.205   0.000  counter_inst/n<9>1 (counter_inst/n<9>)
     FDC:D                     0.102          counter_inst/gen1[9].latch/q
    ----------------------------------------
    Total                      3.915ns (1.293ns logic, 2.622ns route)
                                       (33.0% logic, 67.0% route)

=========================================================================
Timing constraint: Default OFFSET IN BEFORE for Clock 'clk'
  Total number of paths / destination ports: 116 / 22
-------------------------------------------------------------------------
Offset:              4.780ns (Levels of Logic = 5)
  Source:            s<1> (PAD)
  Destination:       counter_inst/gen1[10].latch/q (FF)
  Destination Clock: clk rising

  Data Path: s<1> to counter_inst/gen1[10].latch/q
                                Gate     Net
    Cell:in->out      fanout   Delay   Delay  Logical Name (Net Name)
    ----------------------------------------  ------------
     IBUF:I->O             9   1.222   1.194  s_1_IBUF (s_1_IBUF)
     LUT6:I0->O            1   0.203   0.000  Mmux_clk_enable_out_7 (Mmux_clk_enable_out_7)
     MUXF7:I0->O           7   0.131   0.774  Mmux_clk_enable_out_5_f7 (Mmux_clk_enable_out_5_f7)
     LUT6:I5->O            6   0.205   0.745  s<3> (clk_enable_out_OBUF)
     LUT6:I5->O            1   0.205   0.000  counter_inst/n<9>1 (counter_inst/n<9>)
     FDC:D                     0.102          counter_inst/gen1[9].latch/q
    ----------------------------------------
    Total                      4.780ns (2.068ns logic, 2.712ns route)
                                       (43.3% logic, 56.7% route)

=========================================================================
Timing constraint: Default OFFSET OUT AFTER for Clock 'clk'
  Total number of paths / destination ports: 11 / 1
-------------------------------------------------------------------------
Offset:              6.178ns (Levels of Logic = 4)
  Source:            counter_inst/gen1[2].latch/q (FF)
  Destination:       clk_enable_out (PAD)
  Source Clock:      clk rising

  Data Path: counter_inst/gen1[2].latch/q to clk_enable_out
                                Gate     Net
    Cell:in->out      fanout   Delay   Delay  Logical Name (Net Name)
    ----------------------------------------  ------------
     FDC:C->Q             10   0.447   1.104  counter_inst/gen1[2].latch/q (counter_inst/gen1[2].latch/q)
     LUT6:I2->O            1   0.203   0.000  Mmux_clk_enable_out_7 (Mmux_clk_enable_out_7)
     MUXF7:I0->O           7   0.131   0.774  Mmux_clk_enable_out_5_f7 (Mmux_clk_enable_out_5_f7)
     LUT6:I5->O            6   0.205   0.744  s<3> (clk_enable_out_OBUF)
     OBUF:I->O                 2.571          clk_enable_out_OBUF (clk_enable_out)
    ----------------------------------------
    Total                      6.178ns (3.557ns logic, 2.621ns route)
                                       (57.6% logic, 42.4% route)

=========================================================================
Timing constraint: Default path analysis
  Total number of paths / destination ports: 9 / 1
-------------------------------------------------------------------------
Delay:               7.043ns (Levels of Logic = 5)
  Source:            s<1> (PAD)
  Destination:       clk_enable_out (PAD)

  Data Path: s<1> to clk_enable_out
                                Gate     Net
    Cell:in->out      fanout   Delay   Delay  Logical Name (Net Name)
    ----------------------------------------  ------------
     IBUF:I->O             9   1.222   1.194  s_1_IBUF (s_1_IBUF)
     LUT6:I0->O            1   0.203   0.000  Mmux_clk_enable_out_7 (Mmux_clk_enable_out_7)
     MUXF7:I0->O           7   0.131   0.774  Mmux_clk_enable_out_5_f7 (Mmux_clk_enable_out_5_f7)
     LUT6:I5->O            6   0.205   0.744  s<3> (clk_enable_out_OBUF)
     OBUF:I->O                 2.571          clk_enable_out_OBUF (clk_enable_out)
    ----------------------------------------
    Total                      7.043ns (4.332ns logic, 2.711ns route)
                                       (61.5% logic, 38.5% route)

=========================================================================

Cross Clock Domains Report:
--------------------------

Clock to Setup on destination clock clk
---------------+---------+---------+---------+---------+
               | Src:Rise| Src:Fall| Src:Rise| Src:Fall|
Source Clock   |Dest:Rise|Dest:Rise|Dest:Fall|Dest:Fall|
---------------+---------+---------+---------+---------+
clk            |    3.915|         |         |         |
---------------+---------+---------+---------+---------+

=========================================================================


Total REAL time to Xst completion: 5.00 secs
Total CPU time to Xst completion: 5.18 secs
 
--> 


Total memory usage is 385152 kilobytes

Number of errors   :    0 (   0 filtered)
Number of warnings :    1 (   0 filtered)
Number of infos    :    0 (   0 filtered)

