--------------------------------------------------------------------------------
Release 14.7 Trace  (lin64)
Copyright (c) 1995-2013 Xilinx, Inc.  All rights reserved.

/opt/Xilinx/14.7/ISE_DS/ISE/bin/lin64/unwrapped/trce -intstyle ise -v 3 -s 3 -n
3 -fastpaths -xml WatchDog.twx WatchDog.ncd -o WatchDog.twr WatchDog.pcf

Design file:              WatchDog.ncd
Physical constraint file: WatchDog.pcf
Device,package,speed:     xc6slx4,tqg144,C,-3 (PRODUCTION 1.23 2013-10-13)
Report level:             verbose report

Environment Variable      Effect 
--------------------      ------ 
NONE                      No environment variables were set
--------------------------------------------------------------------------------

INFO:Timing:2698 - No timing constraints found, doing default enumeration.
INFO:Timing:3412 - To improve timing, see the Timing Closure User Guide (UG612).
INFO:Timing:2752 - To get complete path coverage, use the unconstrained paths 
   option. All paths that are not constrained will be reported in the 
   unconstrained paths section(s) of the report.
INFO:Timing:3339 - The clock-to-out numbers in this timing report are based on 
   a 50 Ohm transmission line loading model.  For the details of this model, 
   and for more information on accounting for different loading conditions, 
   please see the device datasheet.



Data Sheet report:
-----------------
All values displayed in nanoseconds (ns)

Setup/Hold to clock clk
------------+------------+------------+------------+------------+------------------+--------+
            |Max Setup to|  Process   |Max Hold to |  Process   |                  | Clock  |
Source      | clk (edge) |   Corner   | clk (edge) |   Corner   |Internal Clock(s) | Phase  |
------------+------------+------------+------------+------------+------------------+--------+
clr         |    4.021(R)|      SLOW  |   -0.881(R)|      FAST  |clk_BUFGP         |   0.000|
command<0>  |    2.344(R)|      SLOW  |   -0.192(R)|      SLOW  |clk_BUFGP         |   0.000|
command<1>  |    3.339(R)|      SLOW  |   -1.003(R)|      FAST  |clk_BUFGP         |   0.000|
data<0>     |    1.837(R)|      SLOW  |   -0.071(R)|      SLOW  |clk_BUFGP         |   0.000|
data<1>     |    1.559(R)|      SLOW  |   -0.040(R)|      SLOW  |clk_BUFGP         |   0.000|
data<2>     |    1.897(R)|      SLOW  |    0.276(R)|      SLOW  |clk_BUFGP         |   0.000|
data<3>     |    1.701(R)|      SLOW  |   -0.035(R)|      SLOW  |clk_BUFGP         |   0.000|
data<4>     |    0.968(R)|      SLOW  |    0.095(R)|      SLOW  |clk_BUFGP         |   0.000|
data<5>     |    1.120(R)|      SLOW  |    0.384(R)|      SLOW  |clk_BUFGP         |   0.000|
data<6>     |    1.412(R)|      SLOW  |    0.094(R)|      SLOW  |clk_BUFGP         |   0.000|
data<7>     |    1.269(R)|      SLOW  |    0.100(R)|      SLOW  |clk_BUFGP         |   0.000|
data<8>     |    1.004(R)|      SLOW  |    0.311(R)|      SLOW  |clk_BUFGP         |   0.000|
data<9>     |    0.929(R)|      SLOW  |    0.333(R)|      SLOW  |clk_BUFGP         |   0.000|
data<10>    |    1.029(R)|      SLOW  |    0.399(R)|      SLOW  |clk_BUFGP         |   0.000|
data<11>    |    0.681(R)|      SLOW  |    0.432(R)|      SLOW  |clk_BUFGP         |   0.000|
data<12>    |    1.043(R)|      SLOW  |    0.155(R)|      SLOW  |clk_BUFGP         |   0.000|
data<13>    |    1.337(R)|      SLOW  |    0.216(R)|      SLOW  |clk_BUFGP         |   0.000|
data<14>    |    0.990(R)|      SLOW  |    0.071(R)|      SLOW  |clk_BUFGP         |   0.000|
data<15>    |    0.940(R)|      SLOW  |    0.263(R)|      SLOW  |clk_BUFGP         |   0.000|
rst         |    2.522(R)|      SLOW  |    0.286(R)|      SLOW  |clk_BUFGP         |   0.000|
start       |    3.957(R)|      SLOW  |    0.065(R)|      SLOW  |clk_BUFGP         |   0.000|
------------+------------+------------+------------+------------+------------------+--------+

Clock clk to Pad
------------+-----------------+------------+-----------------+------------+------------------+--------+
            |Max (slowest) clk|  Process   |Min (fastest) clk|  Process   |                  | Clock  |
Destination |  (edge) to PAD  |   Corner   |  (edge) to PAD  |   Corner   |Internal Clock(s) | Phase  |
------------+-----------------+------------+-----------------+------------+------------------+--------+
nmi         |        11.183(R)|      SLOW  |         4.641(R)|      FAST  |clk_BUFGP         |   0.000|
reset       |         9.223(R)|      SLOW  |         4.561(R)|      FAST  |clk_BUFGP         |   0.000|
------------+-----------------+------------+-----------------+------------+------------------+--------+

Clock to Setup on destination clock clk
---------------+---------+---------+---------+---------+
               | Src:Rise| Src:Fall| Src:Rise| Src:Fall|
Source Clock   |Dest:Rise|Dest:Rise|Dest:Fall|Dest:Fall|
---------------+---------+---------+---------+---------+
clk            |    4.250|         |         |         |
---------------+---------+---------+---------+---------+


Analysis completed Sun Jun 25 09:26:47 2023 
--------------------------------------------------------------------------------

Trace Settings:
-------------------------
Trace Settings 

Peak Memory Usage: 364 MB



