Command line:
   watchdog_TB_isim_beh.exe
     -simmode  gui
     -simrunnum  0
     -socket  57027

Sat Jun 24 15:04:36 2023


 Elaboration Time: 0.02 sec

 Current Memory Usage: 184.726 Meg

 Total Signals          : 233
 Total Nets             : 312
 Total Signal Drivers   : 172
 Total Blocks           : 126
 Total Primitive Blocks : 90
 Total Processes        : 168
 Total Traceable Variables  : 95
 Total Scalar Nets and Variables : 759
Total Line Count : 312

 Total Simulation Time: 8.18 sec

 Current Memory Usage: 260.227 Meg

Sat Jun 24 15:06:00 2023

